23:54:33.929 debug: 2025/11/19 23:54:33
23:54:33.929 debug: Project: /Users/michael/Desktop/gitfiles/coscos_oop_frame_wrok
23:54:33.929 debug: Targets: editor,preview
23:54:33.930 debug: Incremental file seems great.
23:54:33.930 debug: Engine path: /Applications/Cocos/Creator/3.8.7/CocosCreator.app/Contents/Resources/resources/3d/engine
23:54:33.934 debug: Initializing target [Editor]
23:54:33.934 debug: Loading cache
23:54:33.935 debug: Loading cache costs 0.6117090000002463ms.
23:54:33.935 debug: Engine features shipped in editor: base,gfx-webgl,gfx-webgl2,gfx-empty,gfx-webgpu,3d,animation,skeletal-animation,2d,rich-text,mask,graphics,ui-skew,ui,affine-transform,sorting-2d,particle,particle-2d,physics-framework,physics-cannon,physics-physx,physics-ammo,physics-builtin,physics-2d-framework,physics-2d-box2d-jsb,physics-2d-box2d,physics-2d-builtin,physics-2d-box2d-wasm,intersection-2d,primitive,profiler,occlusion-query,geometry-renderer,debug-renderer,audio,video,xr,light-probe,terrain,webview,tween,tiled-map,vendor-google,spine-3.8,spine-4.2,dragon-bones,marionette,procedural-animation,custom-pipeline,custom-pipeline-builtin-scripts,custom-pipeline-post-process,legacy-pipeline,websocket,websocket-server,meshopt
23:54:33.935 debug: Our import map(foo:/bar): {
  "imports": {
    "cc": "cce:/internal/x/cc"
  }
}
23:54:33.935 debug: Initializing target [Preview]
23:54:33.935 debug: Loading cache
23:54:33.936 debug: Loading cache costs 0.5022500000000036ms.
23:54:33.936 debug: Our import map(foo:/bar): {
  "imports": {
    "cc": "cce:/internal/x/cc"
  }
}
23:54:33.955 debug: Sync engine features: 2d,affine-transform,animation,audio,base,custom-pipeline,dragon-bones,gfx-webgl,gfx-webgl2,graphics,intersection-2d,mask,particle-2d,physics-2d-box2d,profiler,rich-text,spine-3.8,tiled-map,tween,ui,video,webview
23:54:33.957 debug: Reset databases. Enumerated domains: [
  {
    "root": "db://internal/",
    "physical": "/Applications/Cocos/Creator/3.8.7/CocosCreator.app/Contents/Resources/resources/3d/engine/editor/assets"
  },
  {
    "root": "db://assets/",
    "physical": "/Users/michael/Desktop/gitfiles/coscos_oop_frame_wrok/assets"
  }
]
23:54:33.957 debug: Our import map(foo:/bar): {
  "imports": {
    "cc": "cce:/internal/x/cc",
    "db://internal/": "file:///Applications/Cocos/Creator/3.8.7/CocosCreator.app/Contents/Resources/resources/3d/engine/editor/assets/",
    "db://assets/": "file:///Users/michael/Desktop/gitfiles/coscos_oop_frame_wrok/assets/"
  }
}
23:54:33.957 debug: Our import map(foo:/bar): {
  "imports": {
    "cc": "cce:/internal/x/cc",
    "db://internal/": "file:///Applications/Cocos/Creator/3.8.7/CocosCreator.app/Contents/Resources/resources/3d/engine/editor/assets/",
    "db://assets/": "file:///Users/michael/Desktop/gitfiles/coscos_oop_frame_wrok/assets/"
  }
}
23:54:33.957 debug: Pulling asset-db.
23:54:33.959 debug: Fetch asset-db cost: 1.6084999999998217ms.
23:54:33.959 debug: Build iteration starts.
Number of accumulated asset changes: 0
Feature changed: false
23:54:33.959 debug: Target(editor) build started.
23:54:33.961 debug: Detected change: cce:/internal/x/cc. Last mtime: Thu Jan 01 1970 08:00:03 GMT+0800 (中国标准时间), Current mtime: Thu Jan 01 1970 08:00:03 GMT+0800 (中国标准时间)
23:54:33.961 debug: Inspect cce:/internal/x/cc
23:54:33.977 debug: transform url: 'cce:/internal/x/cc' costs: 16.00 ms
23:54:33.977 debug: Resolve cce:/internal/x/cc-fu/base from cce:/internal/x/cc as external dependency cce:/internal/x/cc-fu/base.
23:54:33.977 debug: Resolve cce:/internal/x/cc-fu/gfx-webgl from cce:/internal/x/cc as external dependency cce:/internal/x/cc-fu/gfx-webgl.
23:54:33.977 debug: Resolve cce:/internal/x/cc-fu/gfx-webgl2 from cce:/internal/x/cc as external dependency cce:/internal/x/cc-fu/gfx-webgl2.
23:54:33.977 debug: Resolve cce:/internal/x/cc-fu/gfx-empty from cce:/internal/x/cc as external dependency cce:/internal/x/cc-fu/gfx-empty.
23:54:33.977 debug: Resolve cce:/internal/x/cc-fu/gfx-webgpu from cce:/internal/x/cc as external dependency cce:/internal/x/cc-fu/gfx-webgpu.
23:54:33.977 debug: Resolve cce:/internal/x/cc-fu/3d from cce:/internal/x/cc as external dependency cce:/internal/x/cc-fu/3d.
23:54:33.977 debug: Resolve cce:/internal/x/cc-fu/animation from cce:/internal/x/cc as external dependency cce:/internal/x/cc-fu/animation.
23:54:33.978 debug: Resolve cce:/internal/x/cc-fu/skeletal-animation from cce:/internal/x/cc as external dependency cce:/internal/x/cc-fu/skeletal-animation.
23:54:33.978 debug: Resolve cce:/internal/x/cc-fu/2d from cce:/internal/x/cc as external dependency cce:/internal/x/cc-fu/2d.
23:54:33.978 debug: Resolve cce:/internal/x/cc-fu/sorting from cce:/internal/x/cc as external dependency cce:/internal/x/cc-fu/sorting.
23:54:33.978 debug: Resolve cce:/internal/x/cc-fu/rich-text from cce:/internal/x/cc as external dependency cce:/internal/x/cc-fu/rich-text.
23:54:33.978 debug: Resolve cce:/internal/x/cc-fu/mask from cce:/internal/x/cc as external dependency cce:/internal/x/cc-fu/mask.
23:54:33.978 debug: Resolve cce:/internal/x/cc-fu/graphics from cce:/internal/x/cc as external dependency cce:/internal/x/cc-fu/graphics.
23:54:33.978 debug: Resolve cce:/internal/x/cc-fu/ui-skew from cce:/internal/x/cc as external dependency cce:/internal/x/cc-fu/ui-skew.
23:54:33.978 debug: Resolve cce:/internal/x/cc-fu/ui from cce:/internal/x/cc as external dependency cce:/internal/x/cc-fu/ui.
23:54:33.978 debug: Resolve cce:/internal/x/cc-fu/affine-transform from cce:/internal/x/cc as external dependency cce:/internal/x/cc-fu/affine-transform.
23:54:33.978 debug: Resolve cce:/internal/x/cc-fu/sorting-2d from cce:/internal/x/cc as external dependency cce:/internal/x/cc-fu/sorting-2d.
23:54:33.978 debug: Resolve cce:/internal/x/cc-fu/particle from cce:/internal/x/cc as external dependency cce:/internal/x/cc-fu/particle.
23:54:33.978 debug: Resolve cce:/internal/x/cc-fu/particle-2d from cce:/internal/x/cc as external dependency cce:/internal/x/cc-fu/particle-2d.
23:54:33.978 debug: Resolve cce:/internal/x/cc-fu/physics-framework from cce:/internal/x/cc as external dependency cce:/internal/x/cc-fu/physics-framework.
23:54:33.978 debug: Resolve cce:/internal/x/cc-fu/physics-cannon from cce:/internal/x/cc as external dependency cce:/internal/x/cc-fu/physics-cannon.
23:54:33.978 debug: Resolve cce:/internal/x/cc-fu/physics-physx from cce:/internal/x/cc as external dependency cce:/internal/x/cc-fu/physics-physx.
23:54:33.978 debug: Resolve cce:/internal/x/cc-fu/physics-ammo from cce:/internal/x/cc as external dependency cce:/internal/x/cc-fu/physics-ammo.
23:54:33.978 debug: Resolve cce:/internal/x/cc-fu/physics-builtin from cce:/internal/x/cc as external dependency cce:/internal/x/cc-fu/physics-builtin.
23:54:33.978 debug: Resolve cce:/internal/x/cc-fu/physics-2d-framework from cce:/internal/x/cc as external dependency cce:/internal/x/cc-fu/physics-2d-framework.
23:54:33.978 debug: Resolve cce:/internal/x/cc-fu/physics-2d-box2d-jsb from cce:/internal/x/cc as external dependency cce:/internal/x/cc-fu/physics-2d-box2d-jsb.
23:54:33.978 debug: Resolve cce:/internal/x/cc-fu/physics-2d-box2d from cce:/internal/x/cc as external dependency cce:/internal/x/cc-fu/physics-2d-box2d.
23:54:33.978 debug: Resolve cce:/internal/x/cc-fu/physics-2d-builtin from cce:/internal/x/cc as external dependency cce:/internal/x/cc-fu/physics-2d-builtin.
23:54:33.978 debug: Resolve cce:/internal/x/cc-fu/physics-2d-box2d-wasm from cce:/internal/x/cc as external dependency cce:/internal/x/cc-fu/physics-2d-box2d-wasm.
23:54:33.978 debug: Resolve cce:/internal/x/cc-fu/intersection-2d from cce:/internal/x/cc as external dependency cce:/internal/x/cc-fu/intersection-2d.
23:54:33.978 debug: Resolve cce:/internal/x/cc-fu/primitive from cce:/internal/x/cc as external dependency cce:/internal/x/cc-fu/primitive.
23:54:33.978 debug: Resolve cce:/internal/x/cc-fu/profiler from cce:/internal/x/cc as external dependency cce:/internal/x/cc-fu/profiler.
23:54:33.978 debug: Resolve cce:/internal/x/cc-fu/geometry-renderer from cce:/internal/x/cc as external dependency cce:/internal/x/cc-fu/geometry-renderer.
23:54:33.978 debug: Resolve cce:/internal/x/cc-fu/audio from cce:/internal/x/cc as external dependency cce:/internal/x/cc-fu/audio.
23:54:33.978 debug: Resolve cce:/internal/x/cc-fu/video from cce:/internal/x/cc as external dependency cce:/internal/x/cc-fu/video.
23:54:33.978 debug: Resolve cce:/internal/x/cc-fu/xr from cce:/internal/x/cc as external dependency cce:/internal/x/cc-fu/xr.
23:54:33.978 debug: Resolve cce:/internal/x/cc-fu/light-probe from cce:/internal/x/cc as external dependency cce:/internal/x/cc-fu/light-probe.
23:54:33.978 debug: Resolve cce:/internal/x/cc-fu/terrain from cce:/internal/x/cc as external dependency cce:/internal/x/cc-fu/terrain.
23:54:33.978 debug: Resolve cce:/internal/x/cc-fu/webview from cce:/internal/x/cc as external dependency cce:/internal/x/cc-fu/webview.
23:54:33.978 debug: Resolve cce:/internal/x/cc-fu/tween from cce:/internal/x/cc as external dependency cce:/internal/x/cc-fu/tween.
23:54:33.978 debug: Resolve cce:/internal/x/cc-fu/tiled-map from cce:/internal/x/cc as external dependency cce:/internal/x/cc-fu/tiled-map.
23:54:33.978 debug: Resolve cce:/internal/x/cc-fu/vendor-google from cce:/internal/x/cc as external dependency cce:/internal/x/cc-fu/vendor-google.
23:54:33.978 debug: Resolve cce:/internal/x/cc-fu/spine from cce:/internal/x/cc as external dependency cce:/internal/x/cc-fu/spine.
23:54:33.978 debug: Resolve cce:/internal/x/cc-fu/dragon-bones from cce:/internal/x/cc as external dependency cce:/internal/x/cc-fu/dragon-bones.
23:54:33.978 debug: Resolve cce:/internal/x/cc-fu/custom-pipeline from cce:/internal/x/cc as external dependency cce:/internal/x/cc-fu/custom-pipeline.
23:54:33.978 debug: Resolve cce:/internal/x/cc-fu/custom-pipeline-post-process from cce:/internal/x/cc as external dependency cce:/internal/x/cc-fu/custom-pipeline-post-process.
23:54:33.978 debug: Resolve cce:/internal/x/cc-fu/legacy-pipeline from cce:/internal/x/cc as external dependency cce:/internal/x/cc-fu/legacy-pipeline.
23:54:33.978 debug: Detected change: cce:/internal/x/prerequisite-imports. Last mtime: Thu Jan 01 1970 13:28:40 GMT+0800 (中国标准时间), Current mtime: Thu Jan 01 1970 08:00:03 GMT+0800 (中国标准时间)
23:54:33.978 debug: Inspect cce:/internal/x/prerequisite-imports
23:54:33.981 debug: transform url: 'cce:/internal/x/prerequisite-imports' costs: 3.60 ms
23:54:33.984 debug: Target(editor) ends with cost 24.283416000000216ms.
23:54:33.984 debug: Target(preview) build started.
23:54:33.984 debug: Detected change: cce:/internal/x/cc. Last mtime: Thu Jan 01 1970 08:00:03 GMT+0800 (中国标准时间), Current mtime: Thu Jan 01 1970 08:00:03 GMT+0800 (中国标准时间)
23:54:33.984 debug: Inspect cce:/internal/x/cc
23:54:33.992 debug: transform url: 'cce:/internal/x/cc' costs: 7.50 ms
23:54:33.992 debug: Resolve cce:/internal/x/cc-fu/2d from cce:/internal/x/cc as external dependency cce:/internal/x/cc-fu/2d.
23:54:33.992 debug: Resolve cce:/internal/x/cc-fu/sorting from cce:/internal/x/cc as external dependency cce:/internal/x/cc-fu/sorting.
23:54:33.992 debug: Resolve cce:/internal/x/cc-fu/affine-transform from cce:/internal/x/cc as external dependency cce:/internal/x/cc-fu/affine-transform.
23:54:33.993 debug: Resolve cce:/internal/x/cc-fu/animation from cce:/internal/x/cc as external dependency cce:/internal/x/cc-fu/animation.
23:54:33.993 debug: Resolve cce:/internal/x/cc-fu/audio from cce:/internal/x/cc as external dependency cce:/internal/x/cc-fu/audio.
23:54:33.993 debug: Resolve cce:/internal/x/cc-fu/base from cce:/internal/x/cc as external dependency cce:/internal/x/cc-fu/base.
23:54:33.993 debug: Resolve cce:/internal/x/cc-fu/custom-pipeline from cce:/internal/x/cc as external dependency cce:/internal/x/cc-fu/custom-pipeline.
23:54:33.993 debug: Resolve cce:/internal/x/cc-fu/dragon-bones from cce:/internal/x/cc as external dependency cce:/internal/x/cc-fu/dragon-bones.
23:54:33.993 debug: Resolve cce:/internal/x/cc-fu/gfx-webgl from cce:/internal/x/cc as external dependency cce:/internal/x/cc-fu/gfx-webgl.
23:54:33.993 debug: Resolve cce:/internal/x/cc-fu/gfx-webgl2 from cce:/internal/x/cc as external dependency cce:/internal/x/cc-fu/gfx-webgl2.
23:54:33.993 debug: Resolve cce:/internal/x/cc-fu/graphics from cce:/internal/x/cc as external dependency cce:/internal/x/cc-fu/graphics.
23:54:33.993 debug: Resolve cce:/internal/x/cc-fu/intersection-2d from cce:/internal/x/cc as external dependency cce:/internal/x/cc-fu/intersection-2d.
23:54:33.993 debug: Resolve cce:/internal/x/cc-fu/mask from cce:/internal/x/cc as external dependency cce:/internal/x/cc-fu/mask.
23:54:33.993 debug: Resolve cce:/internal/x/cc-fu/particle-2d from cce:/internal/x/cc as external dependency cce:/internal/x/cc-fu/particle-2d.
23:54:33.993 debug: Resolve cce:/internal/x/cc-fu/physics-2d-box2d from cce:/internal/x/cc as external dependency cce:/internal/x/cc-fu/physics-2d-box2d.
23:54:33.993 debug: Resolve cce:/internal/x/cc-fu/physics-2d-framework from cce:/internal/x/cc as external dependency cce:/internal/x/cc-fu/physics-2d-framework.
23:54:33.993 debug: Resolve cce:/internal/x/cc-fu/profiler from cce:/internal/x/cc as external dependency cce:/internal/x/cc-fu/profiler.
23:54:33.993 debug: Resolve cce:/internal/x/cc-fu/rich-text from cce:/internal/x/cc as external dependency cce:/internal/x/cc-fu/rich-text.
23:54:33.993 debug: Resolve cce:/internal/x/cc-fu/spine from cce:/internal/x/cc as external dependency cce:/internal/x/cc-fu/spine.
23:54:33.993 debug: Resolve cce:/internal/x/cc-fu/tiled-map from cce:/internal/x/cc as external dependency cce:/internal/x/cc-fu/tiled-map.
23:54:33.993 debug: Resolve cce:/internal/x/cc-fu/tween from cce:/internal/x/cc as external dependency cce:/internal/x/cc-fu/tween.
23:54:33.993 debug: Resolve cce:/internal/x/cc-fu/ui from cce:/internal/x/cc as external dependency cce:/internal/x/cc-fu/ui.
23:54:33.993 debug: Resolve cce:/internal/x/cc-fu/video from cce:/internal/x/cc as external dependency cce:/internal/x/cc-fu/video.
23:54:33.993 debug: Resolve cce:/internal/x/cc-fu/webview from cce:/internal/x/cc as external dependency cce:/internal/x/cc-fu/webview.
23:54:33.993 debug: Detected change: cce:/internal/x/prerequisite-imports. Last mtime: Thu Jan 01 1970 13:28:40 GMT+0800 (中国标准时间), Current mtime: Thu Jan 01 1970 08:00:03 GMT+0800 (中国标准时间)
23:54:33.993 debug: Inspect cce:/internal/x/prerequisite-imports
23:54:33.996 debug: transform url: 'cce:/internal/x/prerequisite-imports' costs: 3.30 ms
23:54:33.998 debug: Target(preview) ends with cost 14.04537500000015ms.
23:54:34.524 debug: Pulling asset-db.
23:54:34.749 debug: Fetch asset-db cost: 225.40579200000047ms.
23:54:34.750 debug: Build iteration starts.
Number of accumulated asset changes: 7
Feature changed: false
23:54:34.751 debug: Target(editor) build started.
23:54:34.752 debug: Detected change: cce:/internal/x/prerequisite-imports. Last mtime: Thu Jan 01 1970 08:00:03 GMT+0800 (中国标准时间), Current mtime: Thu Jan 01 1970 08:00:04 GMT+0800 (中国标准时间)
23:54:34.752 debug: Inspect cce:/internal/x/prerequisite-imports
23:54:34.756 debug: transform url: 'cce:/internal/x/prerequisite-imports' costs: 4.00 ms
23:54:34.756 debug: Resolve file:///Applications/Cocos/Creator/3.8.7/CocosCreator.app/Contents/Resources/resources/3d/engine/editor/assets/default_renderpipeline/builtin-dof-pass.ts from cce:/internal/x/prerequisite-imports as file:///Applications/Cocos/Creator/3.8.7/CocosCreator.app/Contents/Resources/resources/3d/engine/editor/assets/default_renderpipeline/builtin-dof-pass.ts.
23:54:34.756 debug: Resolve file:///Applications/Cocos/Creator/3.8.7/CocosCreator.app/Contents/Resources/resources/3d/engine/editor/assets/default_renderpipeline/builtin-pipeline-pass.ts from cce:/internal/x/prerequisite-imports as file:///Applications/Cocos/Creator/3.8.7/CocosCreator.app/Contents/Resources/resources/3d/engine/editor/assets/default_renderpipeline/builtin-pipeline-pass.ts.
23:54:34.756 debug: Resolve file:///Applications/Cocos/Creator/3.8.7/CocosCreator.app/Contents/Resources/resources/3d/engine/editor/assets/default_renderpipeline/builtin-pipeline-settings.ts from cce:/internal/x/prerequisite-imports as file:///Applications/Cocos/Creator/3.8.7/CocosCreator.app/Contents/Resources/resources/3d/engine/editor/assets/default_renderpipeline/builtin-pipeline-settings.ts.
23:54:34.756 debug: Resolve file:///Applications/Cocos/Creator/3.8.7/CocosCreator.app/Contents/Resources/resources/3d/engine/editor/assets/default_renderpipeline/builtin-pipeline-types.ts from cce:/internal/x/prerequisite-imports as file:///Applications/Cocos/Creator/3.8.7/CocosCreator.app/Contents/Resources/resources/3d/engine/editor/assets/default_renderpipeline/builtin-pipeline-types.ts.
23:54:34.756 debug: Resolve file:///Applications/Cocos/Creator/3.8.7/CocosCreator.app/Contents/Resources/resources/3d/engine/editor/assets/default_renderpipeline/builtin-pipeline.ts from cce:/internal/x/prerequisite-imports as file:///Applications/Cocos/Creator/3.8.7/CocosCreator.app/Contents/Resources/resources/3d/engine/editor/assets/default_renderpipeline/builtin-pipeline.ts.
23:54:34.756 debug: Resolve file:///Applications/Cocos/Creator/3.8.7/CocosCreator.app/Contents/Resources/resources/3d/engine/editor/assets/tools/debug-view-runtime-control.ts from cce:/internal/x/prerequisite-imports as file:///Applications/Cocos/Creator/3.8.7/CocosCreator.app/Contents/Resources/resources/3d/engine/editor/assets/tools/debug-view-runtime-control.ts.
23:54:34.756 debug: Resolve file:///Users/michael/Desktop/gitfiles/coscos_oop_frame_wrok/assets/script/Main.ts from cce:/internal/x/prerequisite-imports as file:///Users/michael/Desktop/gitfiles/coscos_oop_frame_wrok/assets/script/Main.ts.
23:54:34.756 debug: Detected change: cce:/internal/code-quality/cr.mjs. Last mtime: Wed Nov 19 2025 03:25:49 GMT+0800 (中国标准时间), Current mtime: Wed Nov 19 2025 23:54:30 GMT+0800 (中国标准时间)
23:54:34.756 debug: Inspect cce:/internal/code-quality/cr.mjs
23:54:34.759 debug: transform url: 'cce:/internal/code-quality/cr.mjs' costs: 2.70 ms
23:54:34.761 debug: Target(editor) ends with cost 10.479624999999942ms.
23:54:34.761 debug: Target(preview) build started.
23:54:34.762 debug: Detected change: cce:/internal/x/prerequisite-imports. Last mtime: Thu Jan 01 1970 08:00:03 GMT+0800 (中国标准时间), Current mtime: Thu Jan 01 1970 08:00:04 GMT+0800 (中国标准时间)
23:54:34.762 debug: Inspect cce:/internal/x/prerequisite-imports
23:54:34.765 debug: transform url: 'cce:/internal/x/prerequisite-imports' costs: 3.00 ms
23:54:34.765 debug: Resolve file:///Applications/Cocos/Creator/3.8.7/CocosCreator.app/Contents/Resources/resources/3d/engine/editor/assets/default_renderpipeline/builtin-dof-pass.ts from cce:/internal/x/prerequisite-imports as file:///Applications/Cocos/Creator/3.8.7/CocosCreator.app/Contents/Resources/resources/3d/engine/editor/assets/default_renderpipeline/builtin-dof-pass.ts.
23:54:34.765 debug: Resolve file:///Applications/Cocos/Creator/3.8.7/CocosCreator.app/Contents/Resources/resources/3d/engine/editor/assets/default_renderpipeline/builtin-pipeline-pass.ts from cce:/internal/x/prerequisite-imports as file:///Applications/Cocos/Creator/3.8.7/CocosCreator.app/Contents/Resources/resources/3d/engine/editor/assets/default_renderpipeline/builtin-pipeline-pass.ts.
23:54:34.765 debug: Resolve file:///Applications/Cocos/Creator/3.8.7/CocosCreator.app/Contents/Resources/resources/3d/engine/editor/assets/default_renderpipeline/builtin-pipeline-settings.ts from cce:/internal/x/prerequisite-imports as file:///Applications/Cocos/Creator/3.8.7/CocosCreator.app/Contents/Resources/resources/3d/engine/editor/assets/default_renderpipeline/builtin-pipeline-settings.ts.
23:54:34.765 debug: Resolve file:///Applications/Cocos/Creator/3.8.7/CocosCreator.app/Contents/Resources/resources/3d/engine/editor/assets/default_renderpipeline/builtin-pipeline-types.ts from cce:/internal/x/prerequisite-imports as file:///Applications/Cocos/Creator/3.8.7/CocosCreator.app/Contents/Resources/resources/3d/engine/editor/assets/default_renderpipeline/builtin-pipeline-types.ts.
23:54:34.765 debug: Resolve file:///Applications/Cocos/Creator/3.8.7/CocosCreator.app/Contents/Resources/resources/3d/engine/editor/assets/default_renderpipeline/builtin-pipeline.ts from cce:/internal/x/prerequisite-imports as file:///Applications/Cocos/Creator/3.8.7/CocosCreator.app/Contents/Resources/resources/3d/engine/editor/assets/default_renderpipeline/builtin-pipeline.ts.
23:54:34.765 debug: Resolve file:///Applications/Cocos/Creator/3.8.7/CocosCreator.app/Contents/Resources/resources/3d/engine/editor/assets/tools/debug-view-runtime-control.ts from cce:/internal/x/prerequisite-imports as file:///Applications/Cocos/Creator/3.8.7/CocosCreator.app/Contents/Resources/resources/3d/engine/editor/assets/tools/debug-view-runtime-control.ts.
23:54:34.765 debug: Resolve file:///Users/michael/Desktop/gitfiles/coscos_oop_frame_wrok/assets/script/Main.ts from cce:/internal/x/prerequisite-imports as file:///Users/michael/Desktop/gitfiles/coscos_oop_frame_wrok/assets/script/Main.ts.
23:54:34.765 debug: Detected change: cce:/internal/code-quality/cr.mjs. Last mtime: Wed Nov 19 2025 03:25:49 GMT+0800 (中国标准时间), Current mtime: Wed Nov 19 2025 23:54:30 GMT+0800 (中国标准时间)
23:54:34.765 debug: Inspect cce:/internal/code-quality/cr.mjs
23:54:34.768 debug: transform url: 'cce:/internal/code-quality/cr.mjs' costs: 2.90 ms
23:54:34.772 debug: Target(preview) ends with cost 10.31145799999922ms.
05:54:10.817 debug: Dispatch build request for time accumulated 1 asset changes.
05:54:10.820 debug: Build iteration starts.
Number of accumulated asset changes: 1
Feature changed: false
05:54:10.822 debug: Target(editor) build started.
05:54:10.834 debug: Detected change: cce:/internal/x/prerequisite-imports. Last mtime: Thu Jan 01 1970 08:00:04 GMT+0800 (中国标准时间), Current mtime: Fri Jan 02 1970 13:59:38 GMT+0800 (中国标准时间)
05:54:10.834 debug: Inspect cce:/internal/x/prerequisite-imports
05:54:10.885 debug: transform url: 'cce:/internal/x/prerequisite-imports' costs: 50.70 ms
05:54:10.886 debug: Resolve file:///Applications/Cocos/Creator/3.8.7/CocosCreator.app/Contents/Resources/resources/3d/engine/editor/assets/default_renderpipeline/builtin-dof-pass.ts from cce:/internal/x/prerequisite-imports as file:///Applications/Cocos/Creator/3.8.7/CocosCreator.app/Contents/Resources/resources/3d/engine/editor/assets/default_renderpipeline/builtin-dof-pass.ts.
05:54:10.887 debug: Resolve file:///Applications/Cocos/Creator/3.8.7/CocosCreator.app/Contents/Resources/resources/3d/engine/editor/assets/default_renderpipeline/builtin-pipeline-pass.ts from cce:/internal/x/prerequisite-imports as file:///Applications/Cocos/Creator/3.8.7/CocosCreator.app/Contents/Resources/resources/3d/engine/editor/assets/default_renderpipeline/builtin-pipeline-pass.ts.
05:54:10.887 debug: Resolve file:///Applications/Cocos/Creator/3.8.7/CocosCreator.app/Contents/Resources/resources/3d/engine/editor/assets/default_renderpipeline/builtin-pipeline-settings.ts from cce:/internal/x/prerequisite-imports as file:///Applications/Cocos/Creator/3.8.7/CocosCreator.app/Contents/Resources/resources/3d/engine/editor/assets/default_renderpipeline/builtin-pipeline-settings.ts.
05:54:10.887 debug: Resolve file:///Applications/Cocos/Creator/3.8.7/CocosCreator.app/Contents/Resources/resources/3d/engine/editor/assets/default_renderpipeline/builtin-pipeline-types.ts from cce:/internal/x/prerequisite-imports as file:///Applications/Cocos/Creator/3.8.7/CocosCreator.app/Contents/Resources/resources/3d/engine/editor/assets/default_renderpipeline/builtin-pipeline-types.ts.
05:54:10.887 debug: Resolve file:///Applications/Cocos/Creator/3.8.7/CocosCreator.app/Contents/Resources/resources/3d/engine/editor/assets/default_renderpipeline/builtin-pipeline.ts from cce:/internal/x/prerequisite-imports as file:///Applications/Cocos/Creator/3.8.7/CocosCreator.app/Contents/Resources/resources/3d/engine/editor/assets/default_renderpipeline/builtin-pipeline.ts.
05:54:10.887 debug: Resolve file:///Applications/Cocos/Creator/3.8.7/CocosCreator.app/Contents/Resources/resources/3d/engine/editor/assets/tools/debug-view-runtime-control.ts from cce:/internal/x/prerequisite-imports as file:///Applications/Cocos/Creator/3.8.7/CocosCreator.app/Contents/Resources/resources/3d/engine/editor/assets/tools/debug-view-runtime-control.ts.
05:54:10.887 debug: Resolve file:///Users/michael/Desktop/gitfiles/coscos_oop_frame_wrok/assets/script/Main.ts from cce:/internal/x/prerequisite-imports as file:///Users/michael/Desktop/gitfiles/coscos_oop_frame_wrok/assets/script/Main.ts.
05:54:10.888 debug: Detected change: file:///Users/michael/Desktop/gitfiles/coscos_oop_frame_wrok/assets/script/Main.ts. Last mtime: Wed Nov 19 2025 06:28:39 GMT+0800 (中国标准时间)@606462f0-96b2-4475-8f06-1dcfcf2981e7, Current mtime: Fri Nov 21 2025 05:53:59 GMT+0800 (中国标准时间)@606462f0-96b2-4475-8f06-1dcfcf2981e7
05:54:10.888 debug: Inspect file:///Users/michael/Desktop/gitfiles/coscos_oop_frame_wrok/assets/script/Main.ts
05:54:10.904 debug: transform url: 'file:///Users/michael/Desktop/gitfiles/coscos_oop_frame_wrok/assets/script/Main.ts' costs: 16.40 ms
05:54:10.906 debug: Resolve cc from file:///Users/michael/Desktop/gitfiles/coscos_oop_frame_wrok/assets/script/Main.ts as cce:/internal/x/cc.
05:54:10.906 debug: Resolve cc from file:///Users/michael/Desktop/gitfiles/coscos_oop_frame_wrok/assets/script/Main.ts as cce:/internal/x/cc.
05:54:10.906 debug: Resolve cc from file:///Users/michael/Desktop/gitfiles/coscos_oop_frame_wrok/assets/script/Main.ts as cce:/internal/x/cc.
05:54:10.914 debug: Target(editor) ends with cost 92.3112920075655ms.
05:54:10.914 debug: Target(preview) build started.
05:54:10.917 debug: Detected change: cce:/internal/x/prerequisite-imports. Last mtime: Thu Jan 01 1970 08:00:04 GMT+0800 (中国标准时间), Current mtime: Fri Jan 02 1970 13:59:38 GMT+0800 (中国标准时间)
05:54:10.917 debug: Inspect cce:/internal/x/prerequisite-imports
05:54:10.928 debug: transform url: 'cce:/internal/x/prerequisite-imports' costs: 11.10 ms
05:54:10.929 debug: Resolve file:///Applications/Cocos/Creator/3.8.7/CocosCreator.app/Contents/Resources/resources/3d/engine/editor/assets/default_renderpipeline/builtin-dof-pass.ts from cce:/internal/x/prerequisite-imports as file:///Applications/Cocos/Creator/3.8.7/CocosCreator.app/Contents/Resources/resources/3d/engine/editor/assets/default_renderpipeline/builtin-dof-pass.ts.
05:54:10.929 debug: Resolve file:///Applications/Cocos/Creator/3.8.7/CocosCreator.app/Contents/Resources/resources/3d/engine/editor/assets/default_renderpipeline/builtin-pipeline-pass.ts from cce:/internal/x/prerequisite-imports as file:///Applications/Cocos/Creator/3.8.7/CocosCreator.app/Contents/Resources/resources/3d/engine/editor/assets/default_renderpipeline/builtin-pipeline-pass.ts.
05:54:10.930 debug: Resolve file:///Applications/Cocos/Creator/3.8.7/CocosCreator.app/Contents/Resources/resources/3d/engine/editor/assets/default_renderpipeline/builtin-pipeline-settings.ts from cce:/internal/x/prerequisite-imports as file:///Applications/Cocos/Creator/3.8.7/CocosCreator.app/Contents/Resources/resources/3d/engine/editor/assets/default_renderpipeline/builtin-pipeline-settings.ts.
05:54:10.930 debug: Resolve file:///Applications/Cocos/Creator/3.8.7/CocosCreator.app/Contents/Resources/resources/3d/engine/editor/assets/default_renderpipeline/builtin-pipeline-types.ts from cce:/internal/x/prerequisite-imports as file:///Applications/Cocos/Creator/3.8.7/CocosCreator.app/Contents/Resources/resources/3d/engine/editor/assets/default_renderpipeline/builtin-pipeline-types.ts.
05:54:10.930 debug: Resolve file:///Applications/Cocos/Creator/3.8.7/CocosCreator.app/Contents/Resources/resources/3d/engine/editor/assets/default_renderpipeline/builtin-pipeline.ts from cce:/internal/x/prerequisite-imports as file:///Applications/Cocos/Creator/3.8.7/CocosCreator.app/Contents/Resources/resources/3d/engine/editor/assets/default_renderpipeline/builtin-pipeline.ts.
05:54:10.930 debug: Resolve file:///Applications/Cocos/Creator/3.8.7/CocosCreator.app/Contents/Resources/resources/3d/engine/editor/assets/tools/debug-view-runtime-control.ts from cce:/internal/x/prerequisite-imports as file:///Applications/Cocos/Creator/3.8.7/CocosCreator.app/Contents/Resources/resources/3d/engine/editor/assets/tools/debug-view-runtime-control.ts.
05:54:10.930 debug: Resolve file:///Users/michael/Desktop/gitfiles/coscos_oop_frame_wrok/assets/script/Main.ts from cce:/internal/x/prerequisite-imports as file:///Users/michael/Desktop/gitfiles/coscos_oop_frame_wrok/assets/script/Main.ts.
05:54:10.930 debug: Detected change: file:///Users/michael/Desktop/gitfiles/coscos_oop_frame_wrok/assets/script/Main.ts. Last mtime: Wed Nov 19 2025 06:28:39 GMT+0800 (中国标准时间)@606462f0-96b2-4475-8f06-1dcfcf2981e7, Current mtime: Fri Nov 21 2025 05:53:59 GMT+0800 (中国标准时间)@606462f0-96b2-4475-8f06-1dcfcf2981e7
05:54:10.930 debug: Inspect file:///Users/michael/Desktop/gitfiles/coscos_oop_frame_wrok/assets/script/Main.ts
05:54:10.950 debug: transform url: 'file:///Users/michael/Desktop/gitfiles/coscos_oop_frame_wrok/assets/script/Main.ts' costs: 20.30 ms
05:54:10.951 debug: Resolve cc from file:///Users/michael/Desktop/gitfiles/coscos_oop_frame_wrok/assets/script/Main.ts as cce:/internal/x/cc.
05:54:10.951 debug: Resolve cc from file:///Users/michael/Desktop/gitfiles/coscos_oop_frame_wrok/assets/script/Main.ts as cce:/internal/x/cc.
05:54:10.952 debug: Resolve cc from file:///Users/michael/Desktop/gitfiles/coscos_oop_frame_wrok/assets/script/Main.ts as cce:/internal/x/cc.
05:54:10.955 debug: Target(preview) ends with cost 40.27920798957348ms.
05:54:43.173 debug: Dispatch build request for time accumulated 1 asset changes.
05:54:43.175 debug: Build iteration starts.
Number of accumulated asset changes: 1
Feature changed: false
05:54:43.175 debug: Target(editor) build started.
05:54:43.176 debug: Detected change: cce:/internal/x/prerequisite-imports. Last mtime: Fri Jan 02 1970 13:59:38 GMT+0800 (中国标准时间), Current mtime: Fri Jan 02 1970 14:00:10 GMT+0800 (中国标准时间)
05:54:43.176 debug: Inspect cce:/internal/x/prerequisite-imports
05:54:43.181 debug: transform url: 'cce:/internal/x/prerequisite-imports' costs: 5.30 ms
05:54:43.182 debug: Resolve file:///Applications/Cocos/Creator/3.8.7/CocosCreator.app/Contents/Resources/resources/3d/engine/editor/assets/default_renderpipeline/builtin-dof-pass.ts from cce:/internal/x/prerequisite-imports as file:///Applications/Cocos/Creator/3.8.7/CocosCreator.app/Contents/Resources/resources/3d/engine/editor/assets/default_renderpipeline/builtin-dof-pass.ts.
05:54:43.182 debug: Resolve file:///Applications/Cocos/Creator/3.8.7/CocosCreator.app/Contents/Resources/resources/3d/engine/editor/assets/default_renderpipeline/builtin-pipeline-pass.ts from cce:/internal/x/prerequisite-imports as file:///Applications/Cocos/Creator/3.8.7/CocosCreator.app/Contents/Resources/resources/3d/engine/editor/assets/default_renderpipeline/builtin-pipeline-pass.ts.
05:54:43.182 debug: Resolve file:///Applications/Cocos/Creator/3.8.7/CocosCreator.app/Contents/Resources/resources/3d/engine/editor/assets/default_renderpipeline/builtin-pipeline-settings.ts from cce:/internal/x/prerequisite-imports as file:///Applications/Cocos/Creator/3.8.7/CocosCreator.app/Contents/Resources/resources/3d/engine/editor/assets/default_renderpipeline/builtin-pipeline-settings.ts.
05:54:43.182 debug: Resolve file:///Applications/Cocos/Creator/3.8.7/CocosCreator.app/Contents/Resources/resources/3d/engine/editor/assets/default_renderpipeline/builtin-pipeline-types.ts from cce:/internal/x/prerequisite-imports as file:///Applications/Cocos/Creator/3.8.7/CocosCreator.app/Contents/Resources/resources/3d/engine/editor/assets/default_renderpipeline/builtin-pipeline-types.ts.
05:54:43.182 debug: Resolve file:///Applications/Cocos/Creator/3.8.7/CocosCreator.app/Contents/Resources/resources/3d/engine/editor/assets/default_renderpipeline/builtin-pipeline.ts from cce:/internal/x/prerequisite-imports as file:///Applications/Cocos/Creator/3.8.7/CocosCreator.app/Contents/Resources/resources/3d/engine/editor/assets/default_renderpipeline/builtin-pipeline.ts.
05:54:43.182 debug: Resolve file:///Applications/Cocos/Creator/3.8.7/CocosCreator.app/Contents/Resources/resources/3d/engine/editor/assets/tools/debug-view-runtime-control.ts from cce:/internal/x/prerequisite-imports as file:///Applications/Cocos/Creator/3.8.7/CocosCreator.app/Contents/Resources/resources/3d/engine/editor/assets/tools/debug-view-runtime-control.ts.
05:54:43.182 debug: Resolve file:///Users/michael/Desktop/gitfiles/coscos_oop_frame_wrok/assets/core/Root.ts from cce:/internal/x/prerequisite-imports as file:///Users/michael/Desktop/gitfiles/coscos_oop_frame_wrok/assets/core/Root.ts.
05:54:43.182 debug: Inspect file:///Users/michael/Desktop/gitfiles/coscos_oop_frame_wrok/assets/core/Root.ts
05:54:43.190 debug: transform url: 'file:///Users/michael/Desktop/gitfiles/coscos_oop_frame_wrok/assets/core/Root.ts' costs: 7.20 ms
05:54:43.190 debug: Resolve file:///Users/michael/Desktop/gitfiles/coscos_oop_frame_wrok/assets/script/Main.ts from cce:/internal/x/prerequisite-imports as file:///Users/michael/Desktop/gitfiles/coscos_oop_frame_wrok/assets/script/Main.ts.
05:54:43.190 debug: Resolve cc from file:///Users/michael/Desktop/gitfiles/coscos_oop_frame_wrok/assets/core/Root.ts as cce:/internal/x/cc.
05:54:43.190 debug: Resolve cc from file:///Users/michael/Desktop/gitfiles/coscos_oop_frame_wrok/assets/core/Root.ts as cce:/internal/x/cc.
05:54:43.190 debug: Resolve cc from file:///Users/michael/Desktop/gitfiles/coscos_oop_frame_wrok/assets/core/Root.ts as cce:/internal/x/cc.
05:54:43.193 debug: Target(editor) ends with cost 17.90158300101757ms.
05:54:43.193 debug: Target(preview) build started.
05:54:43.193 debug: Detected change: cce:/internal/x/prerequisite-imports. Last mtime: Fri Jan 02 1970 13:59:38 GMT+0800 (中国标准时间), Current mtime: Fri Jan 02 1970 14:00:10 GMT+0800 (中国标准时间)
05:54:43.194 debug: Inspect cce:/internal/x/prerequisite-imports
05:54:43.200 debug: transform url: 'cce:/internal/x/prerequisite-imports' costs: 5.90 ms
05:54:43.200 debug: Resolve file:///Applications/Cocos/Creator/3.8.7/CocosCreator.app/Contents/Resources/resources/3d/engine/editor/assets/default_renderpipeline/builtin-dof-pass.ts from cce:/internal/x/prerequisite-imports as file:///Applications/Cocos/Creator/3.8.7/CocosCreator.app/Contents/Resources/resources/3d/engine/editor/assets/default_renderpipeline/builtin-dof-pass.ts.
05:54:43.200 debug: Resolve file:///Applications/Cocos/Creator/3.8.7/CocosCreator.app/Contents/Resources/resources/3d/engine/editor/assets/default_renderpipeline/builtin-pipeline-pass.ts from cce:/internal/x/prerequisite-imports as file:///Applications/Cocos/Creator/3.8.7/CocosCreator.app/Contents/Resources/resources/3d/engine/editor/assets/default_renderpipeline/builtin-pipeline-pass.ts.
05:54:43.200 debug: Resolve file:///Applications/Cocos/Creator/3.8.7/CocosCreator.app/Contents/Resources/resources/3d/engine/editor/assets/default_renderpipeline/builtin-pipeline-settings.ts from cce:/internal/x/prerequisite-imports as file:///Applications/Cocos/Creator/3.8.7/CocosCreator.app/Contents/Resources/resources/3d/engine/editor/assets/default_renderpipeline/builtin-pipeline-settings.ts.
05:54:43.200 debug: Resolve file:///Applications/Cocos/Creator/3.8.7/CocosCreator.app/Contents/Resources/resources/3d/engine/editor/assets/default_renderpipeline/builtin-pipeline-types.ts from cce:/internal/x/prerequisite-imports as file:///Applications/Cocos/Creator/3.8.7/CocosCreator.app/Contents/Resources/resources/3d/engine/editor/assets/default_renderpipeline/builtin-pipeline-types.ts.
05:54:43.200 debug: Resolve file:///Applications/Cocos/Creator/3.8.7/CocosCreator.app/Contents/Resources/resources/3d/engine/editor/assets/default_renderpipeline/builtin-pipeline.ts from cce:/internal/x/prerequisite-imports as file:///Applications/Cocos/Creator/3.8.7/CocosCreator.app/Contents/Resources/resources/3d/engine/editor/assets/default_renderpipeline/builtin-pipeline.ts.
05:54:43.200 debug: Resolve file:///Applications/Cocos/Creator/3.8.7/CocosCreator.app/Contents/Resources/resources/3d/engine/editor/assets/tools/debug-view-runtime-control.ts from cce:/internal/x/prerequisite-imports as file:///Applications/Cocos/Creator/3.8.7/CocosCreator.app/Contents/Resources/resources/3d/engine/editor/assets/tools/debug-view-runtime-control.ts.
05:54:43.200 debug: Resolve file:///Users/michael/Desktop/gitfiles/coscos_oop_frame_wrok/assets/core/Root.ts from cce:/internal/x/prerequisite-imports as file:///Users/michael/Desktop/gitfiles/coscos_oop_frame_wrok/assets/core/Root.ts.
05:54:43.200 debug: Inspect file:///Users/michael/Desktop/gitfiles/coscos_oop_frame_wrok/assets/core/Root.ts
05:54:43.208 debug: transform url: 'file:///Users/michael/Desktop/gitfiles/coscos_oop_frame_wrok/assets/core/Root.ts' costs: 7.80 ms
05:54:43.209 debug: Resolve file:///Users/michael/Desktop/gitfiles/coscos_oop_frame_wrok/assets/script/Main.ts from cce:/internal/x/prerequisite-imports as file:///Users/michael/Desktop/gitfiles/coscos_oop_frame_wrok/assets/script/Main.ts.
05:54:43.209 debug: Resolve cc from file:///Users/michael/Desktop/gitfiles/coscos_oop_frame_wrok/assets/core/Root.ts as cce:/internal/x/cc.
05:54:43.209 debug: Resolve cc from file:///Users/michael/Desktop/gitfiles/coscos_oop_frame_wrok/assets/core/Root.ts as cce:/internal/x/cc.
05:54:43.209 debug: Resolve cc from file:///Users/michael/Desktop/gitfiles/coscos_oop_frame_wrok/assets/core/Root.ts as cce:/internal/x/cc.
05:54:43.211 debug: Target(preview) ends with cost 17.637166008353233ms.
